{
  "RSpec": {
    "coverage": {
      "/home/chang/BestRecipe/app/helpers/application_helper.rb": [
        1,
        null
      ],
      "/home/chang/BestRecipe/app/helpers/ingredients_helper.rb": [
        1,
        null
      ],
      "/home/chang/BestRecipe/app/helpers/recipe_ingredients_helper.rb": [
        1,
        null
      ],
      "/home/chang/BestRecipe/app/helpers/recipes_helper.rb": [
        1,
        null
      ],
      "/home/chang/BestRecipe/app/models/ingredient.rb": [
        1,
        1,
        1,
        null,
        1,
        null
      ],
      "/home/chang/BestRecipe/app/models/recipe.rb": [
        1,
        1,
        1,
        null,
        1,
        null
      ]
    },
    "timestamp": 1425836195
  }
}
