{
  "RSpec": {
    "coverage": {
      "/home/jkostet/KOODIS/RESEPTI/BestRecipe/app/helpers/application_helper.rb": [
        1,
        null
      ],
      "/home/jkostet/KOODIS/RESEPTI/BestRecipe/app/helpers/ingredients_helper.rb": [
        1,
        null
      ],
      "/home/jkostet/KOODIS/RESEPTI/BestRecipe/app/helpers/recipe_ingredients_helper.rb": [
        1,
        null
      ],
      "/home/jkostet/KOODIS/RESEPTI/BestRecipe/app/helpers/recipes_helper.rb": [
        1,
        null
      ],
      "/home/jkostet/KOODIS/RESEPTI/BestRecipe/app/helpers/users_helper.rb": [
        1,
        null
      ],
      "/home/jkostet/KOODIS/RESEPTI/BestRecipe/app/helpers/welcome_helper.rb": [
        1,
        null
      ],
      "/home/jkostet/KOODIS/RESEPTI/BestRecipe/app/controllers/users_controller.rb": [
        1,
        1,
        null,
        null,
        null,
        1,
        2,
        null,
        null,
        null,
        null,
        1,
        null,
        null,
        null,
        1,
        0,
        null,
        null,
        null,
        1,
        null,
        null,
        null,
        null,
        1,
        0,
        null,
        0,
        0,
        0,
        0,
        null,
        0,
        0,
        null,
        null,
        null,
        null,
        null,
        null,
        1,
        0,
        0,
        0,
        0,
        null,
        0,
        0,
        null,
        null,
        null,
        null,
        null,
        null,
        1,
        0,
        0,
        0,
        0,
        null,
        null,
        null,
        1,
        null,
        1,
        0,
        null,
        null,
        null,
        1,
        0,
        null,
        null
      ],
      "/home/jkostet/KOODIS/RESEPTI/BestRecipe/app/controllers/application_controller.rb": [
        1,
        null,
        null,
        1,
        null,
        null,
        1,
        null,
        1,
        0,
        0,
        null,
        null,
        1,
        0,
        null,
        null
      ],
      "/home/jkostet/KOODIS/RESEPTI/BestRecipe/app/controllers/welcome_controller.rb": [
        1,
        1,
        1,
        null,
        null
      ],
      "/home/jkostet/KOODIS/RESEPTI/BestRecipe/app/models/ingredient.rb": [
        1,
        1,
        1,
        null,
        1,
        null
      ],
      "/home/jkostet/KOODIS/RESEPTI/BestRecipe/app/models/recipe.rb": [
        1,
        1,
        1,
        1,
        null,
        1,
        1,
        null
      ],
      "/home/jkostet/KOODIS/RESEPTI/BestRecipe/app/models/user.rb": [
        1,
        1,
        1,
        null,
        null,
        1,
        null,
        null,
        null
      ]
    },
    "timestamp": 1426087523
  }
}
